<?xml version="1.0" encoding="UTF-8"?>
<!-- Generated by org.testng.reporters.JUnitReportReporter -->
<testsuite hostname="DESKTOP-BEK9VA8" failures="0" tests="1" name="runner.TestClass" time="57.249" errors="0" timestamp="2023-06-12T15:21:38 IST" skipped="0">
  <testcase classname="runner.TestClass" name="runTest" time="57.249"/>
  <system-out/>
</testsuite> <!-- runner.TestClass -->
