<?xml version="1.0" encoding="UTF-8"?>
<!-- Generated by org.testng.reporters.JUnitReportReporter -->
<testsuite hostname="DESKTOP-BEK9VA8" failures="0" tests="1" name="runner.TestRunner" time="14.677" errors="0" timestamp="2023-06-12T19:47:18 IST" skipped="0">
  <testcase classname="runner.TestRunner" name="runScenario" time="14.677"/>
  <system-out/>
</testsuite> <!-- runner.TestRunner -->
