<?xml version="1.0" encoding="UTF-8"?>
<!-- Generated by org.testng.reporters.JUnitReportReporter -->
<testsuite hostname="DESKTOP-BEK9VA8" failures="0" tests="1" name="runner.TestRunner" time="27.130" errors="0" timestamp="2023-06-12T15:59:24 IST" skipped="0">
  <testcase classname="runner.TestRunner" name="runScenario" time="27.130"/>
  <system-out/>
</testsuite> <!-- runner.TestRunner -->
