<?xml version="1.0" encoding="UTF-8"?>
<!-- Generated by org.testng.reporters.JUnitReportReporter -->
<testsuite hostname="DESKTOP-BEK9VA8" failures="0" tests="2" name="runner.TestRunner" time="89.720" errors="0" timestamp="2023-06-12T14:17:07 IST" skipped="0">
  <testcase classname="runner.TestRunner" name="runScenario" time="70.471"/>
  <system-out/>
  <testcase classname="runner.TestRunner" name="runScenario" time="19.249"/>
  <system-out/>
</testsuite> <!-- runner.TestRunner -->
